d:\mycode\tongueqt\tongueqt\x64\release\qrc_tongueqt.obj
d:\mycode\tongueqt\tongueqt\x64\release\tongueqt.obj
d:\mycode\tongueqt\tongueqt\x64\release\main.obj
d:\mycode\tongueqt\tongueqt\x64\release\implicitnewmatksparseintegrator.obj
d:\mycode\tongueqt\tongueqt\x64\release\sparse_matrix.obj
d:\mycode\tongueqt\tongueqt\x64\release\implicitbackwardeulersparseintegrator.obj
d:\mycode\tongueqt\tongueqt\x64\release\reducedmodescoefficients.obj
d:\mycode\tongueqt\tongueqt\x64\release\blockwisesparsejacobisolver.obj
d:\mycode\tongueqt\tongueqt\x64\release\reducedsubspacemodel.obj
d:\mycode\tongueqt\tongueqt\x64\release\vector.obj
d:\mycode\tongueqt\tongueqt\x64\release\wavmfcc.obj
d:\mycode\tongueqt\tongueqt\x64\release\lobovolumetricmeshtrimeshadapter.obj
d:\mycode\tongueqt\tongueqt\x64\release\reducedstvkmodel.obj
d:\mycode\tongueqt\tongueqt\x64\release\lagrangebasis.obj
d:\mycode\tongueqt\tongueqt\x64\release\tiny_obj_loader.obj
d:\mycode\tongueqt\tongueqt\x64\release\sparsematrixtopology.obj
d:\mycode\tongueqt\tongueqt\x64\release\reducedcubaturedataset.obj
d:\mycode\tongueqt\tongueqt\x64\release\batchnormlizelayer.obj
d:\mycode\tongueqt\tongueqt\x64\release\subspacemodescreator.obj
d:\mycode\tongueqt\tongueqt\x64\release\loboneuralnetwork.obj
d:\mycode\tongueqt\tongueqt\x64\release\isotropichyperlasticforcemodel.obj
d:\mycode\tongueqt\tongueqt\x64\release\cubaturedomainpartition.obj
d:\mycode\tongueqt\tongueqt\x64\release\tetelement.obj
d:\mycode\tongueqt\tongueqt\x64\release\lobostvkisotropicmaterial.obj
d:\mycode\tongueqt\tongueqt\x64\release\eulerangelrotationmatrix.obj
d:\mycode\tongueqt\tongueqt\x64\release\lobovolumetricmesh.obj
d:\mycode\tongueqt\tongueqt\x64\release\sparsejacobisolver.obj
d:\mycode\tongueqt\tongueqt\x64\release\mouseprojection.obj
d:\mycode\tongueqt\tongueqt\x64\release\quadrature.obj
d:\mycode\tongueqt\tongueqt\x64\release\reducedsubspaceforcemodel.obj
d:\mycode\tongueqt\tongueqt\x64\release\stvkmodelelementmatrix.obj
d:\mycode\tongueqt\tongueqt\x64\release\reducedcubaturetrainingoptimization.obj
d:\mycode\tongueqt\tongueqt\x64\release\computebfsvolumetricmesh.obj
d:\mycode\tongueqt\tongueqt\x64\release\enumaterial.obj
d:\mycode\tongueqt\tongueqt\x64\release\subspacemodalderivativesmodule.obj
d:\mycode\tongueqt\tongueqt\x64\release\loboisotropicmaterial.obj
d:\mycode\tongueqt\tongueqt\x64\release\loboneohookeanisotropicmaterial.obj
d:\mycode\tongueqt\tongueqt\x64\release\computesvdmatrix3d.obj
d:\mycode\tongueqt\tongueqt\x64\release\loboelement.obj
d:\mycode\tongueqt\tongueqt\x64\release\subspacemodulebase.obj
d:\mycode\tongueqt\tongueqt\x64\release\reducedstvkforcemodel.obj
d:\mycode\tongueqt\tongueqt\x64\release\mat3d.obj
d:\mycode\tongueqt\tongueqt\x64\release\cubaturetraining.obj
d:\mycode\tongueqt\tongueqt\x64\release\sparseintegratorbase.obj
d:\mycode\tongueqt\tongueqt\x64\release\linearstvkforcemodel.obj
d:\mycode\tongueqt\tongueqt\x64\release\vec3d.obj
d:\mycode\tongueqt\tongueqt\x64\release\domaindecomposition.obj
d:\mycode\tongueqt\tongueqt\x64\release\lobotrimesh.obj
d:\mycode\tongueqt\tongueqt\x64\release\stvkforcemodel.obj
d:\mycode\tongueqt\tongueqt\x64\release\eig3.obj
d:\mycode\tongueqt\tongueqt\x64\release\colortable.obj
d:\mycode\tongueqt\tongueqt\x64\release\vectoroperation.obj
d:\mycode\tongueqt\tongueqt\x64\release\implicitnmdensemodifiedintegrator.obj
d:\mycode\tongueqt\tongueqt\x64\release\stvkmodel.obj
d:\mycode\tongueqt\tongueqt\x64\release\reducedcubaturedataset2.obj
d:\mycode\tongueqt\tongueqt\x64\release\activationlayer.obj
d:\mycode\tongueqt\tongueqt\x64\release\tetvolumetricmesh.obj
d:\mycode\tongueqt\tongueqt\x64\release\computetriangle.obj
d:\mycode\tongueqt\tongueqt\x64\release\loboneurallayer.obj
d:\mycode\tongueqt\tongueqt\x64\release\lobovolumetricmeshgraph.obj
d:\mycode\tongueqt\tongueqt\x64\release\cubaturedataset.obj
d:\mycode\tongueqt\tongueqt\x64\release\lobointegrator.obj
d:\mycode\tongueqt\tongueqt\x64\release\arpacksolver.obj
d:\mycode\tongueqt\tongueqt\x64\release\sparsematrixaddconstrain.obj
d:\mycode\tongueqt\tongueqt\x64\release\cubenodemap.obj
d:\mycode\tongueqt\tongueqt\x64\release\invertiblestvkmodel.obj
d:\mycode\tongueqt\tongueqt\x64\release\skewmatrix.obj
d:\mycode\tongueqt\tongueqt\x64\release\fullconnectlayer.obj
d:\mycode\tongueqt\tongueqt\x64\release\loboforcemodel.obj
d:\mycode\tongueqt\tongueqt\x64\release\matrixpca.obj
d:\mycode\tongueqt\tongueqt\x64\release\sparsematrixremoverows.obj
d:\mycode\tongueqt\tongueqt\x64\release\cubatureonepartition.obj
d:\mycode\tongueqt\tongueqt\x64\release\tinyobjmeshcontrol.obj
d:\mycode\tongueqt\tongueqt\x64\release\loboreducedforcemodel.obj
d:\mycode\tongueqt\tongueqt\x64\release\reducedstvkmodelcubature.obj
d:\mycode\tongueqt\tongueqt\x64\release\cubaturemodel.obj
d:\mycode\tongueqt\tongueqt\x64\release\cubaturepartition.obj
d:\mycode\tongueqt\tongueqt\x64\release\cubeelement.obj
d:\mycode\tongueqt\tongueqt\x64\release\converchartovector.obj
d:\mycode\tongueqt\tongueqt\x64\release\denseintegratorbase.obj
d:\mycode\tongueqt\tongueqt\x64\release\cubevolumtricmesh.obj
d:\mycode\tongueqt\tongueqt\x64\release\reducedcubaturetrainingoptimization2.obj
d:\mycode\tongueqt\tongueqt\x64\release\geomatrix.obj
d:\mycode\tongueqt\tongueqt\x64\release\vec2d.obj
d:\mycode\tongueqt\tongueqt\x64\release\jacobi_solver.obj
d:\mycode\tongueqt\tongueqt\x64\release\impicitnewmarkdenseintegrator.obj
d:\mycode\tongueqt\tongueqt\x64\release\materialoperation.obj
d:\mycode\tongueqt\tongueqt\x64\release\lobonodebase.obj
d:\mycode\tongueqt\tongueqt\x64\release\pointscloud.obj
d:\mycode\tongueqt\tongueqt\x64\release\reducedforcemodel.obj
d:\mycode\tongueqt\tongueqt\x64\release\reducedcubaturetraining.obj
d:\mycode\tongueqt\tongueqt\x64\release\matrixnormalizevector.obj
d:\mycode\tongueqt\tongueqt\x64\release\loboisotropichyperelasticwithcompressionresistance.obj
d:\mycode\tongueqt\tongueqt\x64\release\polardecompositiongradientdriver.obj
d:\mycode\tongueqt\tongueqt\x64\release\polardecomposition.obj
d:\mycode\tongueqt\tongueqt\x64\release\polardecompositiongradient.obj
d:\mycode\tongueqt\tongueqt\x64\release\matrixio.obj
d:\mycode\tongueqt\tongueqt\x64\release\multimatrixio.obj
d:\mycode\tongueqt\tongueqt\x64\release\tonguemodel.obj
d:\mycode\tongueqt\tongueqt\x64\release\loboobjmesh.obj
d:\mycode\tongueqt\tongueqt\x64\release\wavetonguemode.obj
d:\mycode\tongueqt\tongueqt\x64\release\lobovolumetricmeshobjadapter.obj
d:\mycode\tongueqt\tongueqt\x64\release\lobofunctions.obj
d:\mycode\tongueqt\tongueqt\x64\release\isotropichyperelasticmodel.obj
d:\mycode\tongueqt\tongueqt\x64\release\hyperelastictonguesimulator.obj
d:\mycode\tongueqt\tongueqt\x64\release\lobosimplesimulator.obj
d:\mycode\tongueqt\tongueqt\x64\release\trimeshcollisiondetector.obj
d:\mycode\tongueqt\tongueqt\x64\release\funnelforcegenerator.obj
d:\mycode\tongueqt\tongueqt\x64\release\bendingforcegenerator.obj
d:\mycode\tongueqt\tongueqt\x64\release\expbendingforcegenerator.obj
d:\mycode\tongueqt\tongueqt\x64\release\collisionhandle.obj
d:\mycode\tongueqt\tongueqt\x64\release\collisiondetector.obj
d:\mycode\tongueqt\tongueqt\x64\release\cactusbendingforce.obj
d:\mycode\tongueqt\tongueqt\x64\release\invertibleforcegenerator.obj
d:\mycode\tongueqt\tongueqt\x64\release\collisionworld.obj
d:\mycode\tongueqt\tongueqt\x64\release\externalforcegenerator.obj
d:\mycode\tongueqt\tongueqt\x64\release\startforcefieldgenerator.obj
d:\mycode\tongueqt\tongueqt\x64\release\reducedposedataset.obj
d:\mycode\tongueqt\tongueqt\x64\release\lobosimulatorbase.obj
d:\mycode\tongueqt\tongueqt\x64\release\posedataset.obj
d:\mycode\tongueqt\tongueqt\x64\release\hmap.obj
d:\mycode\tongueqt\tongueqt\x64\release\hmem.obj
d:\mycode\tongueqt\tongueqt\x64\release\hexactmpe.obj
d:\mycode\tongueqt\tongueqt\x64\release\hlat.obj
d:\mycode\tongueqt\tongueqt\x64\release\esig_edr.obj
d:\mycode\tongueqt\tongueqt\x64\release\hsigp.obj
d:\mycode\tongueqt\tongueqt\x64\release\hdict.obj
d:\mycode\tongueqt\tongueqt\x64\release\haudio.obj
d:\mycode\tongueqt\tongueqt\x64\release\hfb.obj
d:\mycode\tongueqt\tongueqt\x64\release\hadapt.obj
d:\mycode\tongueqt\tongueqt\x64\release\esig_asc.obj
d:\mycode\tongueqt\tongueqt\x64\release\hfblat.obj
d:\mycode\tongueqt\tongueqt\x64\release\hcopy.obj
d:\mycode\tongueqt\tongueqt\x64\release\hwave.obj
d:\mycode\tongueqt\tongueqt\x64\release\hutil.obj
d:\mycode\tongueqt\tongueqt\x64\release\esignal.obj
d:\mycode\tongueqt\tongueqt\x64\release\hmodel.obj
d:\mycode\tongueqt\tongueqt\x64\release\hmath.obj
d:\mycode\tongueqt\tongueqt\x64\release\htrain.obj
d:\mycode\tongueqt\tongueqt\x64\release\harc.obj
d:\mycode\tongueqt\tongueqt\x64\release\esig_nat.obj
d:\mycode\tongueqt\tongueqt\x64\release\hparm.obj
d:\mycode\tongueqt\tongueqt\x64\release\hlm.obj
d:\mycode\tongueqt\tongueqt\x64\release\hvq.obj
d:\mycode\tongueqt\tongueqt\x64\release\hshell.obj
d:\mycode\tongueqt\tongueqt\x64\release\strarr.obj
d:\mycode\tongueqt\tongueqt\x64\release\hlabel.obj
d:\mycode\tongueqt\tongueqt\x64\release\hnet.obj
d:\mycode\tongueqt\tongueqt\x64\release\hrec.obj
d:\mycode\tongueqt\tongueqt\x64\release\moc_tongueqt.obj
d:\mycode\tongueqt\x64\release\tongueqt.exe
d:\mycode\tongueqt\tongueqt\generatedfiles\release\moc_tongueqt.cpp
d:\mycode\tongueqt\tongueqt\generatedfiles\qrc_tongueqt.cpp
d:\mycode\tongueqt\tongueqt\generatedfiles\ui_tongueqt.h
d:\mycode\tongueqt\tongueqt\x64\release\tongueqt.tlog\cl.command.1.tlog
d:\mycode\tongueqt\tongueqt\x64\release\tongueqt.tlog\cl.read.1.tlog
d:\mycode\tongueqt\tongueqt\x64\release\tongueqt.tlog\cl.write.1.tlog
d:\mycode\tongueqt\tongueqt\x64\release\tongueqt.tlog\link.command.1.tlog
d:\mycode\tongueqt\tongueqt\x64\release\tongueqt.tlog\link.read.1.tlog
d:\mycode\tongueqt\tongueqt\x64\release\tongueqt.tlog\link.write.1.tlog
d:\mycode\tongueqt\tongueqt\x64\release\tongueqt.tlog\tongueqt.write.1u.tlog
